npm warn EBADENGINE Unsupported engine {
npm warn EBADENGINE   package: '@nomicfoundation/edr@0.12.0-next.16',
npm warn EBADENGINE   required: { node: '>= 20' },
npm warn EBADENGINE   current: { node: 'v18.20.8', npm: '10.8.2' }
npm warn EBADENGINE }
npm warn EBADENGINE Unsupported engine {
npm warn EBADENGINE   package: '@nomicfoundation/edr-darwin-arm64@0.12.0-next.16',
npm warn EBADENGINE   required: { node: '>= 20' },
npm warn EBADENGINE   current: { node: 'v18.20.8', npm: '10.8.2' }
npm warn EBADENGINE }
npm warn EBADENGINE Unsupported engine {
npm warn EBADENGINE   package: '@nomicfoundation/edr-darwin-x64@0.12.0-next.16',
npm warn EBADENGINE   required: { node: '>= 20' },
npm warn EBADENGINE   current: { node: 'v18.20.8', npm: '10.8.2' }
npm warn EBADENGINE }
npm warn EBADENGINE Unsupported engine {
npm warn EBADENGINE   package: '@nomicfoundation/edr-linux-arm64-gnu@0.12.0-next.16',
npm warn EBADENGINE   required: { node: '>= 20' },
npm warn EBADENGINE   current: { node: 'v18.20.8', npm: '10.8.2' }
npm warn EBADENGINE }
npm warn EBADENGINE Unsupported engine {
npm warn EBADENGINE   package: '@nomicfoundation/edr-linux-arm64-musl@0.12.0-next.16',
npm warn EBADENGINE   required: { node: '>= 20' },
npm warn EBADENGINE   current: { node: 'v18.20.8', npm: '10.8.2' }
npm warn EBADENGINE }
npm warn EBADENGINE Unsupported engine {
npm warn EBADENGINE   package: '@nomicfoundation/edr-linux-x64-gnu@0.12.0-next.16',
npm warn EBADENGINE   required: { node: '>= 20' },
npm warn EBADENGINE   current: { node: 'v18.20.8', npm: '10.8.2' }
npm warn EBADENGINE }
npm warn EBADENGINE Unsupported engine {
npm warn EBADENGINE   package: '@nomicfoundation/edr-linux-x64-musl@0.12.0-next.16',
npm warn EBADENGINE   required: { node: '>= 20' },
npm warn EBADENGINE   current: { node: 'v18.20.8', npm: '10.8.2' }
npm warn EBADENGINE }
npm warn EBADENGINE Unsupported engine {
npm warn EBADENGINE   package: '@nomicfoundation/edr-win32-x64-msvc@0.12.0-next.16',
npm warn EBADENGINE   required: { node: '>= 20' },
npm warn EBADENGINE   current: { node: 'v18.20.8', npm: '10.8.2' }
npm warn EBADENGINE }
npm warn deprecated glob@8.1.0: Glob versions prior to v9 are no longer supported
